[debug] [2021-07-11T03:43:37.152Z] ----------------------------------------------------------------------
[debug] [2021-07-11T03:43:37.154Z] Command:       /usr/local/bin/node /usr/local/bin/firebase serve
[debug] [2021-07-11T03:43:37.154Z] CLI Version:   9.3.0
[debug] [2021-07-11T03:43:37.155Z] Platform:      darwin
[debug] [2021-07-11T03:43:37.155Z] Node Version:  v14.7.0
[debug] [2021-07-11T03:43:37.155Z] Time:          Sun Jul 11 2021 12:43:37 GMT+0900 (Korean Standard Time)
[debug] [2021-07-11T03:43:37.155Z] ----------------------------------------------------------------------
[debug] [2021-07-11T03:43:37.156Z] 
[debug] [2021-07-11T03:43:37.167Z] > command requires scopes: ["email","openid","https://www.googleapis.com/auth/cloudplatformprojects.readonly","https://www.googleapis.com/auth/firebase","https://www.googleapis.com/auth/cloud-platform"]
[debug] [2021-07-11T03:43:37.167Z] > authorizing via signed-in user
[debug] [2021-07-11T03:43:37.168Z] [iam] checking project modern-grotesque-times for permissions ["firebase.projects.get"]
[debug] [2021-07-11T03:43:37.170Z] > refreshing access token with scopes: ["email","https://www.googleapis.com/auth/cloud-platform","https://www.googleapis.com/auth/cloudplatformprojects.readonly","https://www.googleapis.com/auth/firebase","openid"]
[debug] [2021-07-11T03:43:37.170Z] >>> HTTP REQUEST POST https://www.googleapis.com/oauth2/v3/token  
 <request body omitted>
[debug] [2021-07-11T03:43:37.447Z] <<< HTTP RESPONSE 200 {"expires":"Mon, 01 Jan 1990 00:00:00 GMT","cache-control":"no-cache, no-store, max-age=0, must-revalidate","date":"Sun, 11 Jul 2021 03:43:37 GMT","pragma":"no-cache","content-type":"application/json; charset=utf-8","vary":"X-Origin, Referer, Origin,Accept-Encoding","server":"scaffolding on HTTPServer2","x-xss-protection":"0","x-frame-options":"SAMEORIGIN","x-content-type-options":"nosniff","alt-svc":"h3=\":443\"; ma=2592000,h3-29=\":443\"; ma=2592000,h3-T051=\":443\"; ma=2592000,h3-Q050=\":443\"; ma=2592000,h3-Q046=\":443\"; ma=2592000,h3-Q043=\":443\"; ma=2592000,quic=\":443\"; ma=2592000; v=\"46,43\"","accept-ranges":"none","transfer-encoding":"chunked"}
[debug] [2021-07-11T03:43:37.462Z] >>> HTTP REQUEST POST https://cloudresourcemanager.googleapis.com/v1/projects/modern-grotesque-times:testIamPermissions  
 {"permissions":["firebase.projects.get"]}
[debug] [2021-07-11T03:43:38.653Z] <<< HTTP RESPONSE 200 {"content-type":"application/json; charset=UTF-8","vary":"X-Origin, Referer, Origin,Accept-Encoding","date":"Sun, 11 Jul 2021 03:43:38 GMT","server":"ESF","cache-control":"private","x-xss-protection":"0","x-frame-options":"SAMEORIGIN","x-content-type-options":"nosniff","server-timing":"gfet4t7; dur=578","alt-svc":"h3=\":443\"; ma=2592000,h3-29=\":443\"; ma=2592000,h3-T051=\":443\"; ma=2592000,h3-Q050=\":443\"; ma=2592000,h3-Q046=\":443\"; ma=2592000,h3-Q043=\":443\"; ma=2592000,quic=\":443\"; ma=2592000; v=\"46,43\"","accept-ranges":"none","transfer-encoding":"chunked"}
[debug] [2021-07-11T03:43:38.655Z] > refreshing access token with scopes: []
[debug] [2021-07-11T03:43:38.655Z] >>> HTTP REQUEST POST https://www.googleapis.com/oauth2/v3/token  
 <request body omitted>
[debug] [2021-07-11T03:43:38.915Z] <<< HTTP RESPONSE 200 {"pragma":"no-cache","date":"Sun, 11 Jul 2021 03:43:38 GMT","expires":"Mon, 01 Jan 1990 00:00:00 GMT","cache-control":"no-cache, no-store, max-age=0, must-revalidate","content-type":"application/json; charset=utf-8","vary":"X-Origin, Referer, Origin,Accept-Encoding","server":"scaffolding on HTTPServer2","x-xss-protection":"0","x-frame-options":"SAMEORIGIN","x-content-type-options":"nosniff","alt-svc":"h3=\":443\"; ma=2592000,h3-29=\":443\"; ma=2592000,h3-T051=\":443\"; ma=2592000,h3-Q050=\":443\"; ma=2592000,h3-Q046=\":443\"; ma=2592000,h3-Q043=\":443\"; ma=2592000,quic=\":443\"; ma=2592000; v=\"46,43\"","accept-ranges":"none","transfer-encoding":"chunked"}
[debug] [2021-07-11T03:43:38.928Z] >>> [apiv2][query] GET https://firebase.googleapis.com/v1beta1/projects/modern-grotesque-times [none]
[debug] [2021-07-11T03:43:39.456Z] <<< [apiv2][status] GET https://firebase.googleapis.com/v1beta1/projects/modern-grotesque-times 200
[debug] [2021-07-11T03:43:39.456Z] <<< [apiv2][body] GET https://firebase.googleapis.com/v1beta1/projects/modern-grotesque-times {"projectId":"modern-grotesque-times","projectNumber":"460245564262","displayName":"modern-grotesque-times","name":"projects/modern-grotesque-times","resources":{"hostingSite":"modern-grotesque-times","storageBucket":"modern-grotesque-times.appspot.com","locationId":"asia-northeast3"},"state":"ACTIVE"}
[info] 
[info] === Serving from '/Users/minkyunglee/Desktop/codes/mgt'...
[info] 
[debug] [2021-07-11T03:43:39.459Z] >>> [apiv2][query] GET https://firebase.googleapis.com/v1beta1/projects/modern-grotesque-times/webApps/-/config [none]
[warn] ⚠  Your requested "node" version "10" doesn't match your global version "14" {"metadata":{"emulator":{"name":"functions"},"message":"Your requested \"node\" version \"10\" doesn't match your global version \"14\""}}
[debug] [2021-07-11T03:43:39.475Z] defaultcredentials: writing to file /Users/minkyunglee/.config/firebase/moderngrotesquetimes_gmail_com_application_default_credentials.json
[debug] [2021-07-11T03:43:39.477Z] Setting GAC to /Users/minkyunglee/.config/firebase/moderngrotesquetimes_gmail_com_application_default_credentials.json {"metadata":{"emulator":{"name":"functions"},"message":"Setting GAC to /Users/minkyunglee/.config/firebase/moderngrotesquetimes_gmail_com_application_default_credentials.json"}}
[debug] [2021-07-11T03:43:39.477Z] >>> [apiv2][query] GET https://firebase.googleapis.com/v1beta1/projects/modern-grotesque-times/adminSdkConfig [none]
[debug] [2021-07-11T03:43:40.482Z] <<< [apiv2][status] GET https://firebase.googleapis.com/v1beta1/projects/modern-grotesque-times/adminSdkConfig 200
[debug] [2021-07-11T03:43:40.482Z] <<< [apiv2][body] GET https://firebase.googleapis.com/v1beta1/projects/modern-grotesque-times/adminSdkConfig {"projectId":"modern-grotesque-times","storageBucket":"modern-grotesque-times.appspot.com","locationId":"asia-northeast3"}
[debug] [2021-07-11T03:43:41.102Z] <<< [apiv2][status] GET https://firebase.googleapis.com/v1beta1/projects/modern-grotesque-times/webApps/-/config 200
[debug] [2021-07-11T03:43:41.102Z] <<< [apiv2][body] GET https://firebase.googleapis.com/v1beta1/projects/modern-grotesque-times/webApps/-/config {"projectId":"modern-grotesque-times","appId":"1:460245564262:web:c4566a299fe20c7eac66a7","storageBucket":"modern-grotesque-times.appspot.com","locationId":"asia-northeast3","apiKey":"AIzaSyACj5Z_-e2SDqL4Ka6F75jVlo8Fj37X7gY","authDomain":"modern-grotesque-times.firebaseapp.com","messagingSenderId":"460245564262"}
[info] i  functions: Watching "/Users/minkyunglee/Desktop/codes/mgt/functions" for Cloud Functions... {"metadata":{"emulator":{"name":"functions"},"message":"Watching \"/Users/minkyunglee/Desktop/codes/mgt/functions\" for Cloud Functions..."}}
[debug] [2021-07-11T03:43:41.138Z] [worker-pool] addWorker(~diagnostic~) {"metadata":{"emulator":{"name":"functions"},"message":"[worker-pool] addWorker(~diagnostic~)"}}
[debug] [2021-07-11T03:43:41.138Z] [worker-pool] Adding worker with key ~diagnostic~, total=1 {"metadata":{"emulator":{"name":"functions"},"message":"[worker-pool] Adding worker with key ~diagnostic~, total=1"}}
[debug] [2021-07-11T03:43:41.139Z] [worker-pool] submitWork(triggerId=) {"metadata":{"emulator":{"name":"functions"},"message":"[worker-pool] submitWork(triggerId=)"}}
[debug] [2021-07-11T03:43:41.139Z] [worker-~diagnostic~-71fde3e4-5158-43e7-bf44-c8a088152000]: Assigning socketPath: /var/folders/2f/4yf634h56tv4ll07nb8ft7lw0000gn/T/fire_emu_11478.sock {"metadata":{"emulator":{"name":"functions"},"message":"[worker-~diagnostic~-71fde3e4-5158-43e7-bf44-c8a088152000]: Assigning socketPath: /var/folders/2f/4yf634h56tv4ll07nb8ft7lw0000gn/T/fire_emu_11478.sock"}}
[debug] [2021-07-11T03:43:41.139Z] [worker-~diagnostic~-71fde3e4-5158-43e7-bf44-c8a088152000]: BUSY {"metadata":{"emulator":{"name":"functions"},"message":"[worker-~diagnostic~-71fde3e4-5158-43e7-bf44-c8a088152000]: BUSY"}}
[info] i  hosting: Serving hosting files from: build {"metadata":{"emulator":{"name":"hosting"},"message":"Serving hosting files from: \u001b[1mbuild\u001b[22m"}}
[info] ✔  hosting: Local server: http://localhost:5000 {"metadata":{"emulator":{"name":"hosting"},"message":"Local server: \u001b[4m\u001b[1mhttp://localhost:5000\u001b[22m\u001b[24m"}}
[debug] [2021-07-11T03:43:41.262Z] [runtime-status] [11478] Functions runtime initialized. {"cwd":"/Users/minkyunglee/Desktop/codes/mgt/functions","node_version":"14.7.0"} {"metadata":{"emulator":{"name":"functions"},"message":"[runtime-status] [11478] Functions runtime initialized. {\"cwd\":\"/Users/minkyunglee/Desktop/codes/mgt/functions\",\"node_version\":\"14.7.0\"}"}}
[debug] [2021-07-11T03:43:41.262Z] [runtime-status] [11478] Disabled runtime features: undefined {"metadata":{"emulator":{"name":"functions"},"message":"[runtime-status] [11478] Disabled runtime features: undefined"}}
[debug] [2021-07-11T03:43:41.266Z] [runtime-status] [11478] Resolved module firebase-admin {"declared":true,"installed":true,"version":"9.9.0","resolution":"/Users/minkyunglee/Desktop/codes/mgt/functions/node_modules/firebase-admin/lib/index.js"} {"metadata":{"emulator":{"name":"functions"},"message":"[runtime-status] [11478] Resolved module firebase-admin {\"declared\":true,\"installed\":true,\"version\":\"9.9.0\",\"resolution\":\"/Users/minkyunglee/Desktop/codes/mgt/functions/node_modules/firebase-admin/lib/index.js\"}"}}
[debug] [2021-07-11T03:43:41.271Z] [runtime-status] [11478] Resolved module firebase-functions {"declared":true,"installed":true,"version":"3.14.1","resolution":"/Users/minkyunglee/Desktop/codes/mgt/functions/node_modules/firebase-functions/lib/index.js"} {"metadata":{"emulator":{"name":"functions"},"message":"[runtime-status] [11478] Resolved module firebase-functions {\"declared\":true,\"installed\":true,\"version\":\"3.14.1\",\"resolution\":\"/Users/minkyunglee/Desktop/codes/mgt/functions/node_modules/firebase-functions/lib/index.js\"}"}}
[debug] [2021-07-11T03:43:41.273Z] [runtime-status] [11478] Resolved module firebase-functions {"declared":true,"installed":true,"version":"3.14.1","resolution":"/Users/minkyunglee/Desktop/codes/mgt/functions/node_modules/firebase-functions/lib/index.js"} {"metadata":{"emulator":{"name":"functions"},"message":"[runtime-status] [11478] Resolved module firebase-functions {\"declared\":true,\"installed\":true,\"version\":\"3.14.1\",\"resolution\":\"/Users/minkyunglee/Desktop/codes/mgt/functions/node_modules/firebase-functions/lib/index.js\"}"}}
[debug] [2021-07-11T03:43:41.274Z] [runtime-status] [11478] Outgoing network have been stubbed. [{"name":"http","status":"mocked"},{"name":"http","status":"mocked"},{"name":"https","status":"mocked"},{"name":"https","status":"mocked"},{"name":"net","status":"mocked"}] {"metadata":{"emulator":{"name":"functions"},"message":"[runtime-status] [11478] Outgoing network have been stubbed. [{\"name\":\"http\",\"status\":\"mocked\"},{\"name\":\"http\",\"status\":\"mocked\"},{\"name\":\"https\",\"status\":\"mocked\"},{\"name\":\"https\",\"status\":\"mocked\"},{\"name\":\"net\",\"status\":\"mocked\"}]"}}
[debug] [2021-07-11T03:43:41.274Z] [runtime-status] [11478] Resolved module firebase-functions {"declared":true,"installed":true,"version":"3.14.1","resolution":"/Users/minkyunglee/Desktop/codes/mgt/functions/node_modules/firebase-functions/lib/index.js"} {"metadata":{"emulator":{"name":"functions"},"message":"[runtime-status] [11478] Resolved module firebase-functions {\"declared\":true,\"installed\":true,\"version\":\"3.14.1\",\"resolution\":\"/Users/minkyunglee/Desktop/codes/mgt/functions/node_modules/firebase-functions/lib/index.js\"}"}}
[debug] [2021-07-11T03:43:41.344Z] [runtime-status] [11478] Checked functions.config() {"config":{}} {"metadata":{"emulator":{"name":"functions"},"message":"[runtime-status] [11478] Checked functions.config() {\"config\":{}}"}}
[debug] [2021-07-11T03:43:41.345Z] [runtime-status] [11478] firebase-functions has been stubbed. {"functionsResolution":{"declared":true,"installed":true,"version":"3.14.1","resolution":"/Users/minkyunglee/Desktop/codes/mgt/functions/node_modules/firebase-functions/lib/index.js"}} {"metadata":{"emulator":{"name":"functions"},"message":"[runtime-status] [11478] firebase-functions has been stubbed. {\"functionsResolution\":{\"declared\":true,\"installed\":true,\"version\":\"3.14.1\",\"resolution\":\"/Users/minkyunglee/Desktop/codes/mgt/functions/node_modules/firebase-functions/lib/index.js\"}}"}}
[debug] [2021-07-11T03:43:41.345Z] [runtime-status] [11478] Resolved module firebase-functions {"declared":true,"installed":true,"version":"3.14.1","resolution":"/Users/minkyunglee/Desktop/codes/mgt/functions/node_modules/firebase-functions/lib/index.js"} {"metadata":{"emulator":{"name":"functions"},"message":"[runtime-status] [11478] Resolved module firebase-functions {\"declared\":true,\"installed\":true,\"version\":\"3.14.1\",\"resolution\":\"/Users/minkyunglee/Desktop/codes/mgt/functions/node_modules/firebase-functions/lib/index.js\"}"}}
[debug] [2021-07-11T03:43:41.346Z] [runtime-status] [11478] Resolved module firebase-admin {"declared":true,"installed":true,"version":"9.9.0","resolution":"/Users/minkyunglee/Desktop/codes/mgt/functions/node_modules/firebase-admin/lib/index.js"} {"metadata":{"emulator":{"name":"functions"},"message":"[runtime-status] [11478] Resolved module firebase-admin {\"declared\":true,\"installed\":true,\"version\":\"9.9.0\",\"resolution\":\"/Users/minkyunglee/Desktop/codes/mgt/functions/node_modules/firebase-admin/lib/index.js\"}"}}
[debug] [2021-07-11T03:43:41.346Z] [runtime-status] [11478] Resolved module firebase-functions {"declared":true,"installed":true,"version":"3.14.1","resolution":"/Users/minkyunglee/Desktop/codes/mgt/functions/node_modules/firebase-functions/lib/index.js"} {"metadata":{"emulator":{"name":"functions"},"message":"[runtime-status] [11478] Resolved module firebase-functions {\"declared\":true,\"installed\":true,\"version\":\"3.14.1\",\"resolution\":\"/Users/minkyunglee/Desktop/codes/mgt/functions/node_modules/firebase-functions/lib/index.js\"}"}}
[debug] [2021-07-11T03:43:41.346Z] [runtime-status] [11478] firebase-admin has been stubbed. {"adminResolution":{"declared":true,"installed":true,"version":"9.9.0","resolution":"/Users/minkyunglee/Desktop/codes/mgt/functions/node_modules/firebase-admin/lib/index.js"}} {"metadata":{"emulator":{"name":"functions"},"message":"[runtime-status] [11478] firebase-admin has been stubbed. {\"adminResolution\":{\"declared\":true,\"installed\":true,\"version\":\"9.9.0\",\"resolution\":\"/Users/minkyunglee/Desktop/codes/mgt/functions/node_modules/firebase-admin/lib/index.js\"}}"}}
[debug] [2021-07-11T03:43:41.385Z] [runtime-status] [11478] initializeApp(DEFAULT) {"storageBucket":"modern-grotesque-times.appspot.com","projectId":"modern-grotesque-times"} {"metadata":{"emulator":{"name":"functions"},"message":"[runtime-status] [11478] initializeApp(DEFAULT) {\"storageBucket\":\"modern-grotesque-times.appspot.com\",\"projectId\":\"modern-grotesque-times\"}"}}
[warn] ⚠  functions: The Cloud Firestore emulator is not running, so calls to Firestore will affect production. {"metadata":{"emulator":{"name":"functions"},"message":"The Cloud Firestore emulator is not running, so calls to Firestore will affect production."}}
[warn] ⚠  It looks like you're trying to access functions.config().algolia but there is no value there. You can learn more about setting up config here: https://firebase.google.com/docs/functions/local-emulator {"metadata":{"emulator":{"name":"functions"},"message":"It looks like you're trying to access functions.config().algolia but there is no value there. You can learn more about setting up config here: https://firebase.google.com/docs/functions/local-emulator"}}
[warn] ⚠  TypeError: Cannot read property 'appid' of undefined
    at Object.<anonymous> (/Users/minkyunglee/Desktop/codes/mgt/functions/lib/index.js:18:52)
    at Module._compile (internal/modules/cjs/loader.js:1256:30)
    at Object.Module._extensions..js (internal/modules/cjs/loader.js:1277:10)
    at Module.load (internal/modules/cjs/loader.js:1105:32)
    at Function.Module._load (internal/modules/cjs/loader.js:967:14)
    at Module.require (internal/modules/cjs/loader.js:1145:19)
    at require (internal/modules/cjs/helpers.js:75:18)
    at initializeRuntime (/usr/local/lib/node_modules/firebase-tools/lib/emulator/functionsEmulatorRuntime.js:676:29)
    at processTicksAndRejections (internal/process/task_queues.js:93:5)
    at async handleMessage (/usr/local/lib/node_modules/firebase-tools/lib/emulator/functionsEmulatorRuntime.js:714:20) {"metadata":{"emulator":{"name":"functions"},"message":"TypeError: Cannot read property 'appid' of undefined\n    at Object.<anonymous> (/Users/minkyunglee/Desktop/codes/mgt/functions/lib/index.js:18:52)\n    at Module._compile (internal/modules/cjs/loader.js:1256:30)\n    at Object.Module._extensions..js (internal/modules/cjs/loader.js:1277:10)\n    at Module.load (internal/modules/cjs/loader.js:1105:32)\n    at Function.Module._load (internal/modules/cjs/loader.js:967:14)\n    at Module.require (internal/modules/cjs/loader.js:1145:19)\n    at require (internal/modules/cjs/helpers.js:75:18)\n    at initializeRuntime (/usr/local/lib/node_modules/firebase-tools/lib/emulator/functionsEmulatorRuntime.js:676:29)\n    at processTicksAndRejections (internal/process/task_queues.js:93:5)\n    at async handleMessage (/usr/local/lib/node_modules/firebase-tools/lib/emulator/functionsEmulatorRuntime.js:714:20)"}}
[warn] ⚠  We were unable to load your functions code. (see above)
   - It appears your code is written in Typescript, which must be compiled before emulation.
   - You may be able to run "npm run build" in your functions directory to resolve this. {"metadata":{"emulator":{"name":"functions"}}}
[debug] [2021-07-11T03:43:41.435Z] [worker-~diagnostic~-71fde3e4-5158-43e7-bf44-c8a088152000]: exited {"metadata":{"emulator":{"name":"functions"},"message":"[worker-~diagnostic~-71fde3e4-5158-43e7-bf44-c8a088152000]: exited"}}
[debug] [2021-07-11T03:43:41.435Z] [worker-~diagnostic~-71fde3e4-5158-43e7-bf44-c8a088152000]: FINISHED {"metadata":{"emulator":{"name":"functions"},"message":"[worker-~diagnostic~-71fde3e4-5158-43e7-bf44-c8a088152000]: FINISHED"}}
[debug] [2021-07-11T03:43:45.681Z] [work-queue] {"queueLength":1,"workRunningCount":0}
[debug] [2021-07-11T03:43:45.681Z] [work-queue] {"queueLength":0,"workRunningCount":1}
[debug] [2021-07-11T03:43:45.684Z] [work-queue] {"queueLength":0,"workRunningCount":0}
[debug] [2021-07-11T03:43:54.162Z] [work-queue] {"queueLength":1,"workRunningCount":0}
[debug] [2021-07-11T03:43:54.162Z] [work-queue] {"queueLength":0,"workRunningCount":1}
[debug] [2021-07-11T03:43:54.163Z] [work-queue] {"queueLength":0,"workRunningCount":0}
[debug] [2021-07-11T03:46:54.516Z] [work-queue] {"queueLength":1,"workRunningCount":0}
[debug] [2021-07-11T03:46:54.516Z] [work-queue] {"queueLength":0,"workRunningCount":1}
[debug] [2021-07-11T03:46:54.517Z] [work-queue] {"queueLength":0,"workRunningCount":0}
